<component name="libraryTable">
  <library name="junit.jupiter" type="repository">
    <properties maven-id="org.junit.jupiter:junit-jupiter:5.9.0" />
    <CLASSES>
      <root url="jar://$USER_HOME$/Downloads/junit-jupiter-5.9.0.jar!/" />
      <root url="jar://$USER_HOME$/Downloads/junit-jupiter-api-5.9.0.jar!/" />
      <root url="jar://$USER_HOME$/Downloads/opentest4j-1.2.0.jar!/" />
      <root url="jar://$USER_HOME$/Downloads/junit-platform-commons-1.9.0.jar!/" />
      <root url="jar://$USER_HOME$/Downloads/apiguardian-api-1.1.2.jar!/" />
      <root url="jar://$USER_HOME$/Downloads/junit-jupiter-params-5.9.0.jar!/" />
      <root url="jar://$USER_HOME$/Downloads/junit-jupiter-engine-5.9.0.jar!/" />
      <root url="jar://$USER_HOME$/Downloads/junit-platform-engine-1.9.0.jar!/" />
    </CLASSES>
    <JAVADOC />
    <SOURCES />
  </library>
</component>